03-24 13:38:08.400 ERROR [203400 sub4] com.example.wxhk.msg.WxMsgHandle#解析扫码支付第二段,161 : Parse XML from stream error!
org.dromara.hutool.core.exception.HutoolException: Parse XML from stream error!
	at org.dromara.hutool.core.util.XmlUtil.readXML(XmlUtil.java:243)
	at org.dromara.hutool.core.util.XmlUtil.readXML(XmlUtil.java:227)
	at org.dromara.hutool.core.util.XmlUtil.parseXml(XmlUtil.java:347)
	at com.example.wxhk.msg.WxMsgHandle.解析扫码支付第二段(WxMsgHandle.java:130)
	at com.example.wxhk.msg.WxMsgHandle.lambda$init$4(WxMsgHandle.java:77)
	at com.example.wxhk.msg.WxMsgHandle.exec(WxMsgHandle.java:243)
	at com.example.wxhk.tcp.vertx.ArrHandle.lambda$exec$1(ArrHandle.java:78)
	at java.base/java.util.concurrent.Executors$RunnableAdapter.call(Executors.java:539)
	at java.base/java.util.concurrent.FutureTask.run$$$capture(FutureTask.java:264)
	at java.base/java.util.concurrent.FutureTask.run(FutureTask.java)
	at java.base/java.util.concurrent.ThreadPoolExecutor.runWorker(ThreadPoolExecutor.java:1136)
	at java.base/java.util.concurrent.ThreadPoolExecutor$Worker.run(ThreadPoolExecutor.java:635)
	at java.base/java.lang.Thread.run(Thread.java:833)
Caused by: org.xml.sax.SAXParseException: 前言中不允许有内容。
	at java.xml/com.sun.org.apache.xerces.internal.parsers.DOMParser.parse(DOMParser.java:262)
	at java.xml/com.sun.org.apache.xerces.internal.jaxp.DocumentBuilderImpl.parse(DocumentBuilderImpl.java:342)
	at org.dromara.hutool.core.util.XmlUtil.readXML(XmlUtil.java:241)
	... 12 common frames omitted
03-24 13:38:08.404 ERROR [203400 sub4] com.example.wxhk.msg.WxMsgHandle#解析收款信息1段,235 : Parse XML from stream error!
org.dromara.hutool.core.exception.HutoolException: Parse XML from stream error!
	at org.dromara.hutool.core.util.XmlUtil.readXML(XmlUtil.java:243)
	at org.dromara.hutool.core.util.XmlUtil.readXML(XmlUtil.java:227)
	at org.dromara.hutool.core.util.XmlUtil.parseXml(XmlUtil.java:347)
	at com.example.wxhk.msg.WxMsgHandle.解析收款信息1段(WxMsgHandle.java:207)
	at com.example.wxhk.msg.WxMsgHandle.lambda$init$4(WxMsgHandle.java:79)
	at com.example.wxhk.msg.WxMsgHandle.exec(WxMsgHandle.java:243)
	at com.example.wxhk.tcp.vertx.ArrHandle.lambda$exec$1(ArrHandle.java:78)
	at java.base/java.util.concurrent.Executors$RunnableAdapter.call(Executors.java:539)
	at java.base/java.util.concurrent.FutureTask.run$$$capture(FutureTask.java:264)
	at java.base/java.util.concurrent.FutureTask.run(FutureTask.java)
	at java.base/java.util.concurrent.ThreadPoolExecutor.runWorker(ThreadPoolExecutor.java:1136)
	at java.base/java.util.concurrent.ThreadPoolExecutor$Worker.run(ThreadPoolExecutor.java:635)
	at java.base/java.lang.Thread.run(Thread.java:833)
Caused by: org.xml.sax.SAXParseException: 前言中不允许有内容。
	at java.xml/com.sun.org.apache.xerces.internal.parsers.DOMParser.parse(DOMParser.java:262)
	at java.xml/com.sun.org.apache.xerces.internal.jaxp.DocumentBuilderImpl.parse(DocumentBuilderImpl.java:342)
	at org.dromara.hutool.core.util.XmlUtil.readXML(XmlUtil.java:241)
	... 12 common frames omitted
03-24 13:38:08.405 ERROR [203400 sub4] com.example.wxhk.msg.WxMsgHandle#解析收款信息2段,191 : Parse XML from stream error!
org.dromara.hutool.core.exception.HutoolException: Parse XML from stream error!
	at org.dromara.hutool.core.util.XmlUtil.readXML(XmlUtil.java:243)
	at org.dromara.hutool.core.util.XmlUtil.readXML(XmlUtil.java:227)
	at org.dromara.hutool.core.util.XmlUtil.parseXml(XmlUtil.java:347)
	at com.example.wxhk.msg.WxMsgHandle.解析收款信息2段(WxMsgHandle.java:168)
	at com.example.wxhk.msg.WxMsgHandle.lambda$init$4(WxMsgHandle.java:81)
	at com.example.wxhk.msg.WxMsgHandle.exec(WxMsgHandle.java:243)
	at com.example.wxhk.tcp.vertx.ArrHandle.lambda$exec$1(ArrHandle.java:78)
	at java.base/java.util.concurrent.Executors$RunnableAdapter.call(Executors.java:539)
	at java.base/java.util.concurrent.FutureTask.run$$$capture(FutureTask.java:264)
	at java.base/java.util.concurrent.FutureTask.run(FutureTask.java)
	at java.base/java.util.concurrent.ThreadPoolExecutor.runWorker(ThreadPoolExecutor.java:1136)
	at java.base/java.util.concurrent.ThreadPoolExecutor$Worker.run(ThreadPoolExecutor.java:635)
	at java.base/java.lang.Thread.run(Thread.java:833)
Caused by: org.xml.sax.SAXParseException: 前言中不允许有内容。
	at java.xml/com.sun.org.apache.xerces.internal.parsers.DOMParser.parse(DOMParser.java:262)
	at java.xml/com.sun.org.apache.xerces.internal.jaxp.DocumentBuilderImpl.parse(DocumentBuilderImpl.java:342)
	at org.dromara.hutool.core.util.XmlUtil.readXML(XmlUtil.java:241)
	... 12 common frames omitted
03-24 13:38:10.896 ERROR [203400 sub4] com.example.wxhk.msg.WxMsgHandle#解析扫码支付第二段,161 : Parse XML from stream error!
org.dromara.hutool.core.exception.HutoolException: Parse XML from stream error!
	at org.dromara.hutool.core.util.XmlUtil.readXML(XmlUtil.java:243)
	at org.dromara.hutool.core.util.XmlUtil.readXML(XmlUtil.java:227)
	at org.dromara.hutool.core.util.XmlUtil.parseXml(XmlUtil.java:347)
	at com.example.wxhk.msg.WxMsgHandle.解析扫码支付第二段(WxMsgHandle.java:130)
	at com.example.wxhk.msg.WxMsgHandle.lambda$init$4(WxMsgHandle.java:77)
	at com.example.wxhk.msg.WxMsgHandle.exec(WxMsgHandle.java:243)
	at com.example.wxhk.tcp.vertx.ArrHandle.lambda$exec$1(ArrHandle.java:78)
	at java.base/java.util.concurrent.Executors$RunnableAdapter.call(Executors.java:539)
	at java.base/java.util.concurrent.FutureTask.run$$$capture(FutureTask.java:264)
	at java.base/java.util.concurrent.FutureTask.run(FutureTask.java)
	at java.base/java.util.concurrent.ThreadPoolExecutor.runWorker(ThreadPoolExecutor.java:1136)
	at java.base/java.util.concurrent.ThreadPoolExecutor$Worker.run(ThreadPoolExecutor.java:635)
	at java.base/java.lang.Thread.run(Thread.java:833)
Caused by: org.xml.sax.SAXParseException: 前言中不允许有内容。
	at java.xml/com.sun.org.apache.xerces.internal.parsers.DOMParser.parse(DOMParser.java:262)
	at java.xml/com.sun.org.apache.xerces.internal.jaxp.DocumentBuilderImpl.parse(DocumentBuilderImpl.java:342)
	at org.dromara.hutool.core.util.XmlUtil.readXML(XmlUtil.java:241)
	... 12 common frames omitted
03-24 13:38:10.898 ERROR [203400 sub4] com.example.wxhk.msg.WxMsgHandle#解析收款信息1段,235 : Parse XML from stream error!
org.dromara.hutool.core.exception.HutoolException: Parse XML from stream error!
	at org.dromara.hutool.core.util.XmlUtil.readXML(XmlUtil.java:243)
	at org.dromara.hutool.core.util.XmlUtil.readXML(XmlUtil.java:227)
	at org.dromara.hutool.core.util.XmlUtil.parseXml(XmlUtil.java:347)
	at com.example.wxhk.msg.WxMsgHandle.解析收款信息1段(WxMsgHandle.java:207)
	at com.example.wxhk.msg.WxMsgHandle.lambda$init$4(WxMsgHandle.java:79)
	at com.example.wxhk.msg.WxMsgHandle.exec(WxMsgHandle.java:243)
	at com.example.wxhk.tcp.vertx.ArrHandle.lambda$exec$1(ArrHandle.java:78)
	at java.base/java.util.concurrent.Executors$RunnableAdapter.call(Executors.java:539)
	at java.base/java.util.concurrent.FutureTask.run$$$capture(FutureTask.java:264)
	at java.base/java.util.concurrent.FutureTask.run(FutureTask.java)
	at java.base/java.util.concurrent.ThreadPoolExecutor.runWorker(ThreadPoolExecutor.java:1136)
	at java.base/java.util.concurrent.ThreadPoolExecutor$Worker.run(ThreadPoolExecutor.java:635)
	at java.base/java.lang.Thread.run(Thread.java:833)
Caused by: org.xml.sax.SAXParseException: 前言中不允许有内容。
	at java.xml/com.sun.org.apache.xerces.internal.parsers.DOMParser.parse(DOMParser.java:262)
	at java.xml/com.sun.org.apache.xerces.internal.jaxp.DocumentBuilderImpl.parse(DocumentBuilderImpl.java:342)
	at org.dromara.hutool.core.util.XmlUtil.readXML(XmlUtil.java:241)
	... 12 common frames omitted
03-24 13:38:10.899 ERROR [203400 sub4] com.example.wxhk.msg.WxMsgHandle#解析收款信息2段,191 : Parse XML from stream error!
org.dromara.hutool.core.exception.HutoolException: Parse XML from stream error!
	at org.dromara.hutool.core.util.XmlUtil.readXML(XmlUtil.java:243)
	at org.dromara.hutool.core.util.XmlUtil.readXML(XmlUtil.java:227)
	at org.dromara.hutool.core.util.XmlUtil.parseXml(XmlUtil.java:347)
	at com.example.wxhk.msg.WxMsgHandle.解析收款信息2段(WxMsgHandle.java:168)
	at com.example.wxhk.msg.WxMsgHandle.lambda$init$4(WxMsgHandle.java:81)
	at com.example.wxhk.msg.WxMsgHandle.exec(WxMsgHandle.java:243)
	at com.example.wxhk.tcp.vertx.ArrHandle.lambda$exec$1(ArrHandle.java:78)
	at java.base/java.util.concurrent.Executors$RunnableAdapter.call(Executors.java:539)
	at java.base/java.util.concurrent.FutureTask.run$$$capture(FutureTask.java:264)
	at java.base/java.util.concurrent.FutureTask.run(FutureTask.java)
	at java.base/java.util.concurrent.ThreadPoolExecutor.runWorker(ThreadPoolExecutor.java:1136)
	at java.base/java.util.concurrent.ThreadPoolExecutor$Worker.run(ThreadPoolExecutor.java:635)
	at java.base/java.lang.Thread.run(Thread.java:833)
Caused by: org.xml.sax.SAXParseException: 前言中不允许有内容。
	at java.xml/com.sun.org.apache.xerces.internal.parsers.DOMParser.parse(DOMParser.java:262)
	at java.xml/com.sun.org.apache.xerces.internal.jaxp.DocumentBuilderImpl.parse(DocumentBuilderImpl.java:342)
	at org.dromara.hutool.core.util.XmlUtil.readXML(XmlUtil.java:241)
	... 12 common frames omitted
03-24 13:38:14.102 ERROR [203400 sub4] com.example.wxhk.msg.WxMsgHandle#解析扫码支付第二段,161 : Parse XML from stream error!
org.dromara.hutool.core.exception.HutoolException: Parse XML from stream error!
	at org.dromara.hutool.core.util.XmlUtil.readXML(XmlUtil.java:243)
	at org.dromara.hutool.core.util.XmlUtil.readXML(XmlUtil.java:227)
	at org.dromara.hutool.core.util.XmlUtil.parseXml(XmlUtil.java:347)
	at com.example.wxhk.msg.WxMsgHandle.解析扫码支付第二段(WxMsgHandle.java:130)
	at com.example.wxhk.msg.WxMsgHandle.lambda$init$4(WxMsgHandle.java:77)
	at com.example.wxhk.msg.WxMsgHandle.exec(WxMsgHandle.java:243)
	at com.example.wxhk.tcp.vertx.ArrHandle.lambda$exec$1(ArrHandle.java:78)
	at java.base/java.util.concurrent.Executors$RunnableAdapter.call(Executors.java:539)
	at java.base/java.util.concurrent.FutureTask.run$$$capture(FutureTask.java:264)
	at java.base/java.util.concurrent.FutureTask.run(FutureTask.java)
	at java.base/java.util.concurrent.ThreadPoolExecutor.runWorker(ThreadPoolExecutor.java:1136)
	at java.base/java.util.concurrent.ThreadPoolExecutor$Worker.run(ThreadPoolExecutor.java:635)
	at java.base/java.lang.Thread.run(Thread.java:833)
Caused by: org.xml.sax.SAXParseException: 前言中不允许有内容。
	at java.xml/com.sun.org.apache.xerces.internal.parsers.DOMParser.parse(DOMParser.java:262)
	at java.xml/com.sun.org.apache.xerces.internal.jaxp.DocumentBuilderImpl.parse(DocumentBuilderImpl.java:342)
	at org.dromara.hutool.core.util.XmlUtil.readXML(XmlUtil.java:241)
	... 12 common frames omitted
03-24 13:38:14.103 ERROR [203400 sub4] com.example.wxhk.msg.WxMsgHandle#解析收款信息1段,235 : Parse XML from stream error!
org.dromara.hutool.core.exception.HutoolException: Parse XML from stream error!
	at org.dromara.hutool.core.util.XmlUtil.readXML(XmlUtil.java:243)
	at org.dromara.hutool.core.util.XmlUtil.readXML(XmlUtil.java:227)
	at org.dromara.hutool.core.util.XmlUtil.parseXml(XmlUtil.java:347)
	at com.example.wxhk.msg.WxMsgHandle.解析收款信息1段(WxMsgHandle.java:207)
	at com.example.wxhk.msg.WxMsgHandle.lambda$init$4(WxMsgHandle.java:79)
	at com.example.wxhk.msg.WxMsgHandle.exec(WxMsgHandle.java:243)
	at com.example.wxhk.tcp.vertx.ArrHandle.lambda$exec$1(ArrHandle.java:78)
	at java.base/java.util.concurrent.Executors$RunnableAdapter.call(Executors.java:539)
	at java.base/java.util.concurrent.FutureTask.run$$$capture(FutureTask.java:264)
	at java.base/java.util.concurrent.FutureTask.run(FutureTask.java)
	at java.base/java.util.concurrent.ThreadPoolExecutor.runWorker(ThreadPoolExecutor.java:1136)
	at java.base/java.util.concurrent.ThreadPoolExecutor$Worker.run(ThreadPoolExecutor.java:635)
	at java.base/java.lang.Thread.run(Thread.java:833)
Caused by: org.xml.sax.SAXParseException: 前言中不允许有内容。
	at java.xml/com.sun.org.apache.xerces.internal.parsers.DOMParser.parse(DOMParser.java:262)
	at java.xml/com.sun.org.apache.xerces.internal.jaxp.DocumentBuilderImpl.parse(DocumentBuilderImpl.java:342)
	at org.dromara.hutool.core.util.XmlUtil.readXML(XmlUtil.java:241)
	... 12 common frames omitted
03-24 13:38:14.104 ERROR [203400 sub4] com.example.wxhk.msg.WxMsgHandle#解析收款信息2段,191 : Parse XML from stream error!
org.dromara.hutool.core.exception.HutoolException: Parse XML from stream error!
	at org.dromara.hutool.core.util.XmlUtil.readXML(XmlUtil.java:243)
	at org.dromara.hutool.core.util.XmlUtil.readXML(XmlUtil.java:227)
	at org.dromara.hutool.core.util.XmlUtil.parseXml(XmlUtil.java:347)
	at com.example.wxhk.msg.WxMsgHandle.解析收款信息2段(WxMsgHandle.java:168)
	at com.example.wxhk.msg.WxMsgHandle.lambda$init$4(WxMsgHandle.java:81)
	at com.example.wxhk.msg.WxMsgHandle.exec(WxMsgHandle.java:243)
	at com.example.wxhk.tcp.vertx.ArrHandle.lambda$exec$1(ArrHandle.java:78)
	at java.base/java.util.concurrent.Executors$RunnableAdapter.call(Executors.java:539)
	at java.base/java.util.concurrent.FutureTask.run$$$capture(FutureTask.java:264)
	at java.base/java.util.concurrent.FutureTask.run(FutureTask.java)
	at java.base/java.util.concurrent.ThreadPoolExecutor.runWorker(ThreadPoolExecutor.java:1136)
	at java.base/java.util.concurrent.ThreadPoolExecutor$Worker.run(ThreadPoolExecutor.java:635)
	at java.base/java.lang.Thread.run(Thread.java:833)
Caused by: org.xml.sax.SAXParseException: 前言中不允许有内容。
	at java.xml/com.sun.org.apache.xerces.internal.parsers.DOMParser.parse(DOMParser.java:262)
	at java.xml/com.sun.org.apache.xerces.internal.jaxp.DocumentBuilderImpl.parse(DocumentBuilderImpl.java:342)
	at org.dromara.hutool.core.util.XmlUtil.readXML(XmlUtil.java:241)
	... 12 common frames omitted
03-24 13:38:22.021 ERROR [203400 sub4] com.example.wxhk.msg.WxMsgHandle#解析扫码支付第二段,161 : Parse XML from stream error!
org.dromara.hutool.core.exception.HutoolException: Parse XML from stream error!
	at org.dromara.hutool.core.util.XmlUtil.readXML(XmlUtil.java:243)
	at org.dromara.hutool.core.util.XmlUtil.readXML(XmlUtil.java:227)
	at org.dromara.hutool.core.util.XmlUtil.parseXml(XmlUtil.java:347)
	at com.example.wxhk.msg.WxMsgHandle.解析扫码支付第二段(WxMsgHandle.java:130)
	at com.example.wxhk.msg.WxMsgHandle.lambda$init$4(WxMsgHandle.java:77)
	at com.example.wxhk.msg.WxMsgHandle.exec(WxMsgHandle.java:243)
	at com.example.wxhk.tcp.vertx.ArrHandle.lambda$exec$1(ArrHandle.java:78)
	at java.base/java.util.concurrent.Executors$RunnableAdapter.call(Executors.java:539)
	at java.base/java.util.concurrent.FutureTask.run$$$capture(FutureTask.java:264)
	at java.base/java.util.concurrent.FutureTask.run(FutureTask.java)
	at java.base/java.util.concurrent.ThreadPoolExecutor.runWorker(ThreadPoolExecutor.java:1136)
	at java.base/java.util.concurrent.ThreadPoolExecutor$Worker.run(ThreadPoolExecutor.java:635)
	at java.base/java.lang.Thread.run(Thread.java:833)
Caused by: org.xml.sax.SAXParseException: 前言中不允许有内容。
	at java.xml/com.sun.org.apache.xerces.internal.parsers.DOMParser.parse(DOMParser.java:262)
	at java.xml/com.sun.org.apache.xerces.internal.jaxp.DocumentBuilderImpl.parse(DocumentBuilderImpl.java:342)
	at org.dromara.hutool.core.util.XmlUtil.readXML(XmlUtil.java:241)
	... 12 common frames omitted
03-24 13:38:22.022 ERROR [203400 sub4] com.example.wxhk.msg.WxMsgHandle#解析收款信息1段,235 : Parse XML from stream error!
org.dromara.hutool.core.exception.HutoolException: Parse XML from stream error!
	at org.dromara.hutool.core.util.XmlUtil.readXML(XmlUtil.java:243)
	at org.dromara.hutool.core.util.XmlUtil.readXML(XmlUtil.java:227)
	at org.dromara.hutool.core.util.XmlUtil.parseXml(XmlUtil.java:347)
	at com.example.wxhk.msg.WxMsgHandle.解析收款信息1段(WxMsgHandle.java:207)
	at com.example.wxhk.msg.WxMsgHandle.lambda$init$4(WxMsgHandle.java:79)
	at com.example.wxhk.msg.WxMsgHandle.exec(WxMsgHandle.java:243)
	at com.example.wxhk.tcp.vertx.ArrHandle.lambda$exec$1(ArrHandle.java:78)
	at java.base/java.util.concurrent.Executors$RunnableAdapter.call(Executors.java:539)
	at java.base/java.util.concurrent.FutureTask.run$$$capture(FutureTask.java:264)
	at java.base/java.util.concurrent.FutureTask.run(FutureTask.java)
	at java.base/java.util.concurrent.ThreadPoolExecutor.runWorker(ThreadPoolExecutor.java:1136)
	at java.base/java.util.concurrent.ThreadPoolExecutor$Worker.run(ThreadPoolExecutor.java:635)
	at java.base/java.lang.Thread.run(Thread.java:833)
Caused by: org.xml.sax.SAXParseException: 前言中不允许有内容。
	at java.xml/com.sun.org.apache.xerces.internal.parsers.DOMParser.parse(DOMParser.java:262)
	at java.xml/com.sun.org.apache.xerces.internal.jaxp.DocumentBuilderImpl.parse(DocumentBuilderImpl.java:342)
	at org.dromara.hutool.core.util.XmlUtil.readXML(XmlUtil.java:241)
	... 12 common frames omitted
03-24 13:38:22.024 ERROR [203400 sub4] com.example.wxhk.msg.WxMsgHandle#解析收款信息2段,191 : Parse XML from stream error!
org.dromara.hutool.core.exception.HutoolException: Parse XML from stream error!
	at org.dromara.hutool.core.util.XmlUtil.readXML(XmlUtil.java:243)
	at org.dromara.hutool.core.util.XmlUtil.readXML(XmlUtil.java:227)
	at org.dromara.hutool.core.util.XmlUtil.parseXml(XmlUtil.java:347)
	at com.example.wxhk.msg.WxMsgHandle.解析收款信息2段(WxMsgHandle.java:168)
	at com.example.wxhk.msg.WxMsgHandle.lambda$init$4(WxMsgHandle.java:81)
	at com.example.wxhk.msg.WxMsgHandle.exec(WxMsgHandle.java:243)
	at com.example.wxhk.tcp.vertx.ArrHandle.lambda$exec$1(ArrHandle.java:78)
	at java.base/java.util.concurrent.Executors$RunnableAdapter.call(Executors.java:539)
	at java.base/java.util.concurrent.FutureTask.run$$$capture(FutureTask.java:264)
	at java.base/java.util.concurrent.FutureTask.run(FutureTask.java)
	at java.base/java.util.concurrent.ThreadPoolExecutor.runWorker(ThreadPoolExecutor.java:1136)
	at java.base/java.util.concurrent.ThreadPoolExecutor$Worker.run(ThreadPoolExecutor.java:635)
	at java.base/java.lang.Thread.run(Thread.java:833)
Caused by: org.xml.sax.SAXParseException: 前言中不允许有内容。
	at java.xml/com.sun.org.apache.xerces.internal.parsers.DOMParser.parse(DOMParser.java:262)
	at java.xml/com.sun.org.apache.xerces.internal.jaxp.DocumentBuilderImpl.parse(DocumentBuilderImpl.java:342)
	at org.dromara.hutool.core.util.XmlUtil.readXML(XmlUtil.java:241)
	... 12 common frames omitted
03-24 13:38:28.151 ERROR [203400 sub4] com.example.wxhk.msg.WxMsgHandle#解析扫码支付第二段,161 : Parse XML from stream error!
org.dromara.hutool.core.exception.HutoolException: Parse XML from stream error!
	at org.dromara.hutool.core.util.XmlUtil.readXML(XmlUtil.java:243)
	at org.dromara.hutool.core.util.XmlUtil.readXML(XmlUtil.java:227)
	at org.dromara.hutool.core.util.XmlUtil.parseXml(XmlUtil.java:347)
	at com.example.wxhk.msg.WxMsgHandle.解析扫码支付第二段(WxMsgHandle.java:130)
	at com.example.wxhk.msg.WxMsgHandle.lambda$init$4(WxMsgHandle.java:77)
	at com.example.wxhk.msg.WxMsgHandle.exec(WxMsgHandle.java:243)
	at com.example.wxhk.tcp.vertx.ArrHandle.lambda$exec$1(ArrHandle.java:78)
	at java.base/java.util.concurrent.Executors$RunnableAdapter.call(Executors.java:539)
	at java.base/java.util.concurrent.FutureTask.run$$$capture(FutureTask.java:264)
	at java.base/java.util.concurrent.FutureTask.run(FutureTask.java)
	at java.base/java.util.concurrent.ThreadPoolExecutor.runWorker(ThreadPoolExecutor.java:1136)
	at java.base/java.util.concurrent.ThreadPoolExecutor$Worker.run(ThreadPoolExecutor.java:635)
	at java.base/java.lang.Thread.run(Thread.java:833)
Caused by: org.xml.sax.SAXParseException: 前言中不允许有内容。
	at java.xml/com.sun.org.apache.xerces.internal.parsers.DOMParser.parse(DOMParser.java:262)
	at java.xml/com.sun.org.apache.xerces.internal.jaxp.DocumentBuilderImpl.parse(DocumentBuilderImpl.java:342)
	at org.dromara.hutool.core.util.XmlUtil.readXML(XmlUtil.java:241)
	... 12 common frames omitted
03-24 13:38:28.153 ERROR [203400 sub4] com.example.wxhk.msg.WxMsgHandle#解析收款信息1段,235 : Parse XML from stream error!
org.dromara.hutool.core.exception.HutoolException: Parse XML from stream error!
	at org.dromara.hutool.core.util.XmlUtil.readXML(XmlUtil.java:243)
	at org.dromara.hutool.core.util.XmlUtil.readXML(XmlUtil.java:227)
	at org.dromara.hutool.core.util.XmlUtil.parseXml(XmlUtil.java:347)
	at com.example.wxhk.msg.WxMsgHandle.解析收款信息1段(WxMsgHandle.java:207)
	at com.example.wxhk.msg.WxMsgHandle.lambda$init$4(WxMsgHandle.java:79)
	at com.example.wxhk.msg.WxMsgHandle.exec(WxMsgHandle.java:243)
	at com.example.wxhk.tcp.vertx.ArrHandle.lambda$exec$1(ArrHandle.java:78)
	at java.base/java.util.concurrent.Executors$RunnableAdapter.call(Executors.java:539)
	at java.base/java.util.concurrent.FutureTask.run$$$capture(FutureTask.java:264)
	at java.base/java.util.concurrent.FutureTask.run(FutureTask.java)
	at java.base/java.util.concurrent.ThreadPoolExecutor.runWorker(ThreadPoolExecutor.java:1136)
	at java.base/java.util.concurrent.ThreadPoolExecutor$Worker.run(ThreadPoolExecutor.java:635)
	at java.base/java.lang.Thread.run(Thread.java:833)
Caused by: org.xml.sax.SAXParseException: 前言中不允许有内容。
	at java.xml/com.sun.org.apache.xerces.internal.parsers.DOMParser.parse(DOMParser.java:262)
	at java.xml/com.sun.org.apache.xerces.internal.jaxp.DocumentBuilderImpl.parse(DocumentBuilderImpl.java:342)
	at org.dromara.hutool.core.util.XmlUtil.readXML(XmlUtil.java:241)
	... 12 common frames omitted
03-24 13:38:28.154 ERROR [203400 sub4] com.example.wxhk.msg.WxMsgHandle#解析收款信息2段,191 : Parse XML from stream error!
org.dromara.hutool.core.exception.HutoolException: Parse XML from stream error!
	at org.dromara.hutool.core.util.XmlUtil.readXML(XmlUtil.java:243)
	at org.dromara.hutool.core.util.XmlUtil.readXML(XmlUtil.java:227)
	at org.dromara.hutool.core.util.XmlUtil.parseXml(XmlUtil.java:347)
	at com.example.wxhk.msg.WxMsgHandle.解析收款信息2段(WxMsgHandle.java:168)
	at com.example.wxhk.msg.WxMsgHandle.lambda$init$4(WxMsgHandle.java:81)
	at com.example.wxhk.msg.WxMsgHandle.exec(WxMsgHandle.java:243)
	at com.example.wxhk.tcp.vertx.ArrHandle.lambda$exec$1(ArrHandle.java:78)
	at java.base/java.util.concurrent.Executors$RunnableAdapter.call(Executors.java:539)
	at java.base/java.util.concurrent.FutureTask.run$$$capture(FutureTask.java:264)
	at java.base/java.util.concurrent.FutureTask.run(FutureTask.java)
	at java.base/java.util.concurrent.ThreadPoolExecutor.runWorker(ThreadPoolExecutor.java:1136)
	at java.base/java.util.concurrent.ThreadPoolExecutor$Worker.run(ThreadPoolExecutor.java:635)
	at java.base/java.lang.Thread.run(Thread.java:833)
Caused by: org.xml.sax.SAXParseException: 前言中不允许有内容。
	at java.xml/com.sun.org.apache.xerces.internal.parsers.DOMParser.parse(DOMParser.java:262)
	at java.xml/com.sun.org.apache.xerces.internal.jaxp.DocumentBuilderImpl.parse(DocumentBuilderImpl.java:342)
	at org.dromara.hutool.core.util.XmlUtil.readXML(XmlUtil.java:241)
	... 12 common frames omitted
03-24 13:38:32.785 ERROR [203400 sub4] com.example.wxhk.msg.WxMsgHandle#解析扫码支付第二段,161 : Parse XML from stream error!
org.dromara.hutool.core.exception.HutoolException: Parse XML from stream error!
	at org.dromara.hutool.core.util.XmlUtil.readXML(XmlUtil.java:243)
	at org.dromara.hutool.core.util.XmlUtil.readXML(XmlUtil.java:227)
	at org.dromara.hutool.core.util.XmlUtil.parseXml(XmlUtil.java:347)
	at com.example.wxhk.msg.WxMsgHandle.解析扫码支付第二段(WxMsgHandle.java:130)
	at com.example.wxhk.msg.WxMsgHandle.lambda$init$4(WxMsgHandle.java:77)
	at com.example.wxhk.msg.WxMsgHandle.exec(WxMsgHandle.java:243)
	at com.example.wxhk.tcp.vertx.ArrHandle.lambda$exec$1(ArrHandle.java:78)
	at java.base/java.util.concurrent.Executors$RunnableAdapter.call(Executors.java:539)
	at java.base/java.util.concurrent.FutureTask.run$$$capture(FutureTask.java:264)
	at java.base/java.util.concurrent.FutureTask.run(FutureTask.java)
	at java.base/java.util.concurrent.ThreadPoolExecutor.runWorker(ThreadPoolExecutor.java:1136)
	at java.base/java.util.concurrent.ThreadPoolExecutor$Worker.run(ThreadPoolExecutor.java:635)
	at java.base/java.lang.Thread.run(Thread.java:833)
Caused by: org.xml.sax.SAXParseException: 前言中不允许有内容。
	at java.xml/com.sun.org.apache.xerces.internal.parsers.DOMParser.parse(DOMParser.java:262)
	at java.xml/com.sun.org.apache.xerces.internal.jaxp.DocumentBuilderImpl.parse(DocumentBuilderImpl.java:342)
	at org.dromara.hutool.core.util.XmlUtil.readXML(XmlUtil.java:241)
	... 12 common frames omitted
03-24 13:38:32.786 ERROR [203400 sub4] com.example.wxhk.msg.WxMsgHandle#解析收款信息1段,235 : Parse XML from stream error!
org.dromara.hutool.core.exception.HutoolException: Parse XML from stream error!
	at org.dromara.hutool.core.util.XmlUtil.readXML(XmlUtil.java:243)
	at org.dromara.hutool.core.util.XmlUtil.readXML(XmlUtil.java:227)
	at org.dromara.hutool.core.util.XmlUtil.parseXml(XmlUtil.java:347)
	at com.example.wxhk.msg.WxMsgHandle.解析收款信息1段(WxMsgHandle.java:207)
	at com.example.wxhk.msg.WxMsgHandle.lambda$init$4(WxMsgHandle.java:79)
	at com.example.wxhk.msg.WxMsgHandle.exec(WxMsgHandle.java:243)
	at com.example.wxhk.tcp.vertx.ArrHandle.lambda$exec$1(ArrHandle.java:78)
	at java.base/java.util.concurrent.Executors$RunnableAdapter.call(Executors.java:539)
	at java.base/java.util.concurrent.FutureTask.run$$$capture(FutureTask.java:264)
	at java.base/java.util.concurrent.FutureTask.run(FutureTask.java)
	at java.base/java.util.concurrent.ThreadPoolExecutor.runWorker(ThreadPoolExecutor.java:1136)
	at java.base/java.util.concurrent.ThreadPoolExecutor$Worker.run(ThreadPoolExecutor.java:635)
	at java.base/java.lang.Thread.run(Thread.java:833)
Caused by: org.xml.sax.SAXParseException: 前言中不允许有内容。
	at java.xml/com.sun.org.apache.xerces.internal.parsers.DOMParser.parse(DOMParser.java:262)
	at java.xml/com.sun.org.apache.xerces.internal.jaxp.DocumentBuilderImpl.parse(DocumentBuilderImpl.java:342)
	at org.dromara.hutool.core.util.XmlUtil.readXML(XmlUtil.java:241)
	... 12 common frames omitted
03-24 13:38:32.787 ERROR [203400 sub4] com.example.wxhk.msg.WxMsgHandle#解析收款信息2段,191 : Parse XML from stream error!
org.dromara.hutool.core.exception.HutoolException: Parse XML from stream error!
	at org.dromara.hutool.core.util.XmlUtil.readXML(XmlUtil.java:243)
	at org.dromara.hutool.core.util.XmlUtil.readXML(XmlUtil.java:227)
	at org.dromara.hutool.core.util.XmlUtil.parseXml(XmlUtil.java:347)
	at com.example.wxhk.msg.WxMsgHandle.解析收款信息2段(WxMsgHandle.java:168)
	at com.example.wxhk.msg.WxMsgHandle.lambda$init$4(WxMsgHandle.java:81)
	at com.example.wxhk.msg.WxMsgHandle.exec(WxMsgHandle.java:243)
	at com.example.wxhk.tcp.vertx.ArrHandle.lambda$exec$1(ArrHandle.java:78)
	at java.base/java.util.concurrent.Executors$RunnableAdapter.call(Executors.java:539)
	at java.base/java.util.concurrent.FutureTask.run$$$capture(FutureTask.java:264)
	at java.base/java.util.concurrent.FutureTask.run(FutureTask.java)
	at java.base/java.util.concurrent.ThreadPoolExecutor.runWorker(ThreadPoolExecutor.java:1136)
	at java.base/java.util.concurrent.ThreadPoolExecutor$Worker.run(ThreadPoolExecutor.java:635)
	at java.base/java.lang.Thread.run(Thread.java:833)
Caused by: org.xml.sax.SAXParseException: 前言中不允许有内容。
	at java.xml/com.sun.org.apache.xerces.internal.parsers.DOMParser.parse(DOMParser.java:262)
	at java.xml/com.sun.org.apache.xerces.internal.jaxp.DocumentBuilderImpl.parse(DocumentBuilderImpl.java:342)
	at org.dromara.hutool.core.util.XmlUtil.readXML(XmlUtil.java:241)
	... 12 common frames omitted
03-24 13:52:20.354 ERROR [207448 sub4] com.example.wxhk.msg.WxMsgHandle#解析扫码支付第二段,161 : Parse XML from stream error!
org.dromara.hutool.core.exception.HutoolException: Parse XML from stream error!
	at org.dromara.hutool.core.util.XmlUtil.readXML(XmlUtil.java:243)
	at org.dromara.hutool.core.util.XmlUtil.readXML(XmlUtil.java:227)
	at org.dromara.hutool.core.util.XmlUtil.parseXml(XmlUtil.java:347)
	at com.example.wxhk.msg.WxMsgHandle.解析扫码支付第二段(WxMsgHandle.java:130)
	at com.example.wxhk.msg.WxMsgHandle.lambda$init$4(WxMsgHandle.java:77)
	at com.example.wxhk.msg.WxMsgHandle.exec(WxMsgHandle.java:243)
	at com.example.wxhk.tcp.vertx.ArrHandle.lambda$exec$1(ArrHandle.java:78)
	at java.base/java.util.concurrent.Executors$RunnableAdapter.call(Executors.java:539)
	at java.base/java.util.concurrent.FutureTask.run$$$capture(FutureTask.java:264)
	at java.base/java.util.concurrent.FutureTask.run(FutureTask.java)
	at java.base/java.util.concurrent.ThreadPoolExecutor.runWorker(ThreadPoolExecutor.java:1136)
	at java.base/java.util.concurrent.ThreadPoolExecutor$Worker.run(ThreadPoolExecutor.java:635)
	at java.base/java.lang.Thread.run(Thread.java:833)
Caused by: org.xml.sax.SAXParseException: 前言中不允许有内容。
	at java.xml/com.sun.org.apache.xerces.internal.parsers.DOMParser.parse(DOMParser.java:262)
	at java.xml/com.sun.org.apache.xerces.internal.jaxp.DocumentBuilderImpl.parse(DocumentBuilderImpl.java:342)
	at org.dromara.hutool.core.util.XmlUtil.readXML(XmlUtil.java:241)
	... 12 common frames omitted
03-24 13:52:20.356 ERROR [207448 sub4] com.example.wxhk.msg.WxMsgHandle#解析收款信息1段,235 : Parse XML from stream error!
org.dromara.hutool.core.exception.HutoolException: Parse XML from stream error!
	at org.dromara.hutool.core.util.XmlUtil.readXML(XmlUtil.java:243)
	at org.dromara.hutool.core.util.XmlUtil.readXML(XmlUtil.java:227)
	at org.dromara.hutool.core.util.XmlUtil.parseXml(XmlUtil.java:347)
	at com.example.wxhk.msg.WxMsgHandle.解析收款信息1段(WxMsgHandle.java:207)
	at com.example.wxhk.msg.WxMsgHandle.lambda$init$4(WxMsgHandle.java:79)
	at com.example.wxhk.msg.WxMsgHandle.exec(WxMsgHandle.java:243)
	at com.example.wxhk.tcp.vertx.ArrHandle.lambda$exec$1(ArrHandle.java:78)
	at java.base/java.util.concurrent.Executors$RunnableAdapter.call(Executors.java:539)
	at java.base/java.util.concurrent.FutureTask.run$$$capture(FutureTask.java:264)
	at java.base/java.util.concurrent.FutureTask.run(FutureTask.java)
	at java.base/java.util.concurrent.ThreadPoolExecutor.runWorker(ThreadPoolExecutor.java:1136)
	at java.base/java.util.concurrent.ThreadPoolExecutor$Worker.run(ThreadPoolExecutor.java:635)
	at java.base/java.lang.Thread.run(Thread.java:833)
Caused by: org.xml.sax.SAXParseException: 前言中不允许有内容。
	at java.xml/com.sun.org.apache.xerces.internal.parsers.DOMParser.parse(DOMParser.java:262)
	at java.xml/com.sun.org.apache.xerces.internal.jaxp.DocumentBuilderImpl.parse(DocumentBuilderImpl.java:342)
	at org.dromara.hutool.core.util.XmlUtil.readXML(XmlUtil.java:241)
	... 12 common frames omitted
03-24 13:52:20.357 ERROR [207448 sub4] com.example.wxhk.msg.WxMsgHandle#解析收款信息2段,191 : Parse XML from stream error!
org.dromara.hutool.core.exception.HutoolException: Parse XML from stream error!
	at org.dromara.hutool.core.util.XmlUtil.readXML(XmlUtil.java:243)
	at org.dromara.hutool.core.util.XmlUtil.readXML(XmlUtil.java:227)
	at org.dromara.hutool.core.util.XmlUtil.parseXml(XmlUtil.java:347)
	at com.example.wxhk.msg.WxMsgHandle.解析收款信息2段(WxMsgHandle.java:168)
	at com.example.wxhk.msg.WxMsgHandle.lambda$init$4(WxMsgHandle.java:81)
	at com.example.wxhk.msg.WxMsgHandle.exec(WxMsgHandle.java:243)
	at com.example.wxhk.tcp.vertx.ArrHandle.lambda$exec$1(ArrHandle.java:78)
	at java.base/java.util.concurrent.Executors$RunnableAdapter.call(Executors.java:539)
	at java.base/java.util.concurrent.FutureTask.run$$$capture(FutureTask.java:264)
	at java.base/java.util.concurrent.FutureTask.run(FutureTask.java)
	at java.base/java.util.concurrent.ThreadPoolExecutor.runWorker(ThreadPoolExecutor.java:1136)
	at java.base/java.util.concurrent.ThreadPoolExecutor$Worker.run(ThreadPoolExecutor.java:635)
	at java.base/java.lang.Thread.run(Thread.java:833)
Caused by: org.xml.sax.SAXParseException: 前言中不允许有内容。
	at java.xml/com.sun.org.apache.xerces.internal.parsers.DOMParser.parse(DOMParser.java:262)
	at java.xml/com.sun.org.apache.xerces.internal.jaxp.DocumentBuilderImpl.parse(DocumentBuilderImpl.java:342)
	at org.dromara.hutool.core.util.XmlUtil.readXML(XmlUtil.java:241)
	... 12 common frames omitted
03-24 13:53:30.175 ERROR [207448 sub4] com.example.wxhk.msg.WxMsgHandle#解析扫码支付第二段,161 : Parse XML from stream error!
org.dromara.hutool.core.exception.HutoolException: Parse XML from stream error!
	at org.dromara.hutool.core.util.XmlUtil.readXML(XmlUtil.java:243)
	at org.dromara.hutool.core.util.XmlUtil.readXML(XmlUtil.java:227)
	at org.dromara.hutool.core.util.XmlUtil.parseXml(XmlUtil.java:347)
	at com.example.wxhk.msg.WxMsgHandle.解析扫码支付第二段(WxMsgHandle.java:130)
	at com.example.wxhk.msg.WxMsgHandle.lambda$init$4(WxMsgHandle.java:77)
	at com.example.wxhk.msg.WxMsgHandle.exec(WxMsgHandle.java:243)
	at com.example.wxhk.tcp.vertx.ArrHandle.lambda$exec$1(ArrHandle.java:78)
	at java.base/java.util.concurrent.Executors$RunnableAdapter.call(Executors.java:539)
	at java.base/java.util.concurrent.FutureTask.run$$$capture(FutureTask.java:264)
	at java.base/java.util.concurrent.FutureTask.run(FutureTask.java)
	at java.base/java.util.concurrent.ThreadPoolExecutor.runWorker(ThreadPoolExecutor.java:1136)
	at java.base/java.util.concurrent.ThreadPoolExecutor$Worker.run(ThreadPoolExecutor.java:635)
	at java.base/java.lang.Thread.run(Thread.java:833)
Caused by: org.xml.sax.SAXParseException: 前言中不允许有内容。
	at java.xml/com.sun.org.apache.xerces.internal.parsers.DOMParser.parse(DOMParser.java:262)
	at java.xml/com.sun.org.apache.xerces.internal.jaxp.DocumentBuilderImpl.parse(DocumentBuilderImpl.java:342)
	at org.dromara.hutool.core.util.XmlUtil.readXML(XmlUtil.java:241)
	... 12 common frames omitted
03-24 13:53:30.178 ERROR [207448 sub4] com.example.wxhk.msg.WxMsgHandle#解析收款信息1段,235 : Parse XML from stream error!
org.dromara.hutool.core.exception.HutoolException: Parse XML from stream error!
	at org.dromara.hutool.core.util.XmlUtil.readXML(XmlUtil.java:243)
	at org.dromara.hutool.core.util.XmlUtil.readXML(XmlUtil.java:227)
	at org.dromara.hutool.core.util.XmlUtil.parseXml(XmlUtil.java:347)
	at com.example.wxhk.msg.WxMsgHandle.解析收款信息1段(WxMsgHandle.java:207)
	at com.example.wxhk.msg.WxMsgHandle.lambda$init$4(WxMsgHandle.java:79)
	at com.example.wxhk.msg.WxMsgHandle.exec(WxMsgHandle.java:243)
	at com.example.wxhk.tcp.vertx.ArrHandle.lambda$exec$1(ArrHandle.java:78)
	at java.base/java.util.concurrent.Executors$RunnableAdapter.call(Executors.java:539)
	at java.base/java.util.concurrent.FutureTask.run$$$capture(FutureTask.java:264)
	at java.base/java.util.concurrent.FutureTask.run(FutureTask.java)
	at java.base/java.util.concurrent.ThreadPoolExecutor.runWorker(ThreadPoolExecutor.java:1136)
	at java.base/java.util.concurrent.ThreadPoolExecutor$Worker.run(ThreadPoolExecutor.java:635)
	at java.base/java.lang.Thread.run(Thread.java:833)
Caused by: org.xml.sax.SAXParseException: 前言中不允许有内容。
	at java.xml/com.sun.org.apache.xerces.internal.parsers.DOMParser.parse(DOMParser.java:262)
	at java.xml/com.sun.org.apache.xerces.internal.jaxp.DocumentBuilderImpl.parse(DocumentBuilderImpl.java:342)
	at org.dromara.hutool.core.util.XmlUtil.readXML(XmlUtil.java:241)
	... 12 common frames omitted
03-24 13:53:30.179 ERROR [207448 sub4] com.example.wxhk.msg.WxMsgHandle#解析收款信息2段,191 : Parse XML from stream error!
org.dromara.hutool.core.exception.HutoolException: Parse XML from stream error!
	at org.dromara.hutool.core.util.XmlUtil.readXML(XmlUtil.java:243)
	at org.dromara.hutool.core.util.XmlUtil.readXML(XmlUtil.java:227)
	at org.dromara.hutool.core.util.XmlUtil.parseXml(XmlUtil.java:347)
	at com.example.wxhk.msg.WxMsgHandle.解析收款信息2段(WxMsgHandle.java:168)
	at com.example.wxhk.msg.WxMsgHandle.lambda$init$4(WxMsgHandle.java:81)
	at com.example.wxhk.msg.WxMsgHandle.exec(WxMsgHandle.java:243)
	at com.example.wxhk.tcp.vertx.ArrHandle.lambda$exec$1(ArrHandle.java:78)
	at java.base/java.util.concurrent.Executors$RunnableAdapter.call(Executors.java:539)
	at java.base/java.util.concurrent.FutureTask.run$$$capture(FutureTask.java:264)
	at java.base/java.util.concurrent.FutureTask.run(FutureTask.java)
	at java.base/java.util.concurrent.ThreadPoolExecutor.runWorker(ThreadPoolExecutor.java:1136)
	at java.base/java.util.concurrent.ThreadPoolExecutor$Worker.run(ThreadPoolExecutor.java:635)
	at java.base/java.lang.Thread.run(Thread.java:833)
Caused by: org.xml.sax.SAXParseException: 前言中不允许有内容。
	at java.xml/com.sun.org.apache.xerces.internal.parsers.DOMParser.parse(DOMParser.java:262)
	at java.xml/com.sun.org.apache.xerces.internal.jaxp.DocumentBuilderImpl.parse(DocumentBuilderImpl.java:342)
	at org.dromara.hutool.core.util.XmlUtil.readXML(XmlUtil.java:241)
	... 12 common frames omitted
03-24 13:55:40.925 ERROR [216988 restartedMain] com.example.wxhk.tcp.vertx.InitWeChat#环境初始化,65 : 环境初始化失败,请检查
java.lang.IllegalArgumentException: Setting path must be not null !
	at org.dromara.hutool.core.lang.Assert.lambda$notNull$3(Assert.java:226)
	at org.dromara.hutool.core.lang.Assert.notNull(Assert.java:207)
	at org.dromara.hutool.core.lang.Assert.notNull(Assert.java:226)
	at org.dromara.hutool.setting.Setting.store(Setting.java:357)
	at com.example.wxhk.tcp.vertx.InitWeChat.环境初始化(InitWeChat.java:57)
	at com.example.wxhk.tcp.vertx.InitWeChat.run(InitWeChat.java:132)
	at org.springframework.boot.SpringApplication.lambda$callRunner$5(SpringApplication.java:790)
	at org.springframework.util.function.ThrowingConsumer$1.acceptWithException(ThrowingConsumer.java:83)
	at org.springframework.util.function.ThrowingConsumer.accept(ThrowingConsumer.java:60)
	at org.springframework.util.function.ThrowingConsumer$1.accept(ThrowingConsumer.java:88)
	at org.springframework.boot.SpringApplication.callRunner(SpringApplication.java:798)
	at org.springframework.boot.SpringApplication.callRunner(SpringApplication.java:789)
	at org.springframework.boot.SpringApplication.lambda$callRunners$3(SpringApplication.java:774)
	at java.base/java.util.stream.ForEachOps$ForEachOp$OfRef.accept(ForEachOps.java:183)
	at java.base/java.util.stream.SortedOps$SizedRefSortingSink.end(SortedOps.java:357)
	at java.base/java.util.stream.AbstractPipeline.copyInto(AbstractPipeline.java:510)
	at java.base/java.util.stream.AbstractPipeline.wrapAndCopyInto(AbstractPipeline.java:499)
	at java.base/java.util.stream.ForEachOps$ForEachOp.evaluateSequential(ForEachOps.java:150)
	at java.base/java.util.stream.ForEachOps$ForEachOp$OfRef.evaluateSequential(ForEachOps.java:173)
	at java.base/java.util.stream.AbstractPipeline.evaluate(AbstractPipeline.java:234)
	at java.base/java.util.stream.ReferencePipeline.forEach(ReferencePipeline.java:596)
	at org.springframework.boot.SpringApplication.callRunners(SpringApplication.java:774)
	at org.springframework.boot.SpringApplication.run(SpringApplication.java:341)
	at org.springframework.boot.SpringApplication.run(SpringApplication.java:1354)
	at org.springframework.boot.SpringApplication.run(SpringApplication.java:1343)
	at com.example.wxhk.WxhkApplication.main(WxhkApplication.java:19)
	at java.base/jdk.internal.reflect.NativeMethodAccessorImpl.invoke0(Native Method)
	at java.base/jdk.internal.reflect.NativeMethodAccessorImpl.invoke(NativeMethodAccessorImpl.java:77)
	at java.base/jdk.internal.reflect.DelegatingMethodAccessorImpl.invoke(DelegatingMethodAccessorImpl.java:43)
	at java.base/java.lang.reflect.Method.invoke(Method.java:568)
	at org.springframework.boot.devtools.restart.RestartLauncher.run(RestartLauncher.java:50)
03-26 22:37:56.576 ERROR [302472 main] com.example.wxhk.tcp.vertx.InitWeChat#环境初始化,65 : 环境初始化失败,请检查
java.lang.IllegalArgumentException: Setting path must be not null !
	at org.dromara.hutool.core.lang.Assert.lambda$notNull$3(Assert.java:226)
	at org.dromara.hutool.core.lang.Assert.notNull(Assert.java:207)
	at org.dromara.hutool.core.lang.Assert.notNull(Assert.java:226)
	at org.dromara.hutool.setting.Setting.store(Setting.java:357)
	at com.example.wxhk.tcp.vertx.InitWeChat.环境初始化(InitWeChat.java:57)
	at com.example.wxhk.tcp.vertx.InitWeChat.run(InitWeChat.java:132)
	at org.springframework.boot.SpringApplication.lambda$callRunner$5(SpringApplication.java:790)
	at org.springframework.util.function.ThrowingConsumer$1.acceptWithException(ThrowingConsumer.java:83)
	at org.springframework.util.function.ThrowingConsumer.accept(ThrowingConsumer.java:60)
	at org.springframework.util.function.ThrowingConsumer$1.accept(ThrowingConsumer.java:88)
	at org.springframework.boot.SpringApplication.callRunner(SpringApplication.java:798)
	at org.springframework.boot.SpringApplication.callRunner(SpringApplication.java:789)
	at org.springframework.boot.SpringApplication.lambda$callRunners$3(SpringApplication.java:774)
	at java.base/java.util.stream.ForEachOps$ForEachOp$OfRef.accept(ForEachOps.java:183)
	at java.base/java.util.stream.SortedOps$SizedRefSortingSink.end(SortedOps.java:357)
	at java.base/java.util.stream.AbstractPipeline.copyInto(AbstractPipeline.java:510)
	at java.base/java.util.stream.AbstractPipeline.wrapAndCopyInto(AbstractPipeline.java:499)
	at java.base/java.util.stream.ForEachOps$ForEachOp.evaluateSequential(ForEachOps.java:150)
	at java.base/java.util.stream.ForEachOps$ForEachOp$OfRef.evaluateSequential(ForEachOps.java:173)
	at java.base/java.util.stream.AbstractPipeline.evaluate(AbstractPipeline.java:234)
	at java.base/java.util.stream.ReferencePipeline.forEach(ReferencePipeline.java:596)
	at org.springframework.boot.SpringApplication.callRunners(SpringApplication.java:774)
	at org.springframework.boot.SpringApplication.run(SpringApplication.java:341)
	at org.springframework.boot.SpringApplication.run(SpringApplication.java:1354)
	at org.springframework.boot.SpringApplication.run(SpringApplication.java:1343)
	at com.example.wxhk.WxhkApplication.main(WxhkApplication.java:19)
03-26 22:44:45.635 ERROR [298396 sub1] com.example.wxhk.tcp.vertx.ArrHandle#lambda$exec$0,58 : java.net.ConnectException: Failed to connect to localhost/[0:0:0:0:0:0:0:1]:19088
org.dromara.hutool.core.io.IORuntimeException: java.net.ConnectException: Failed to connect to localhost/[0:0:0:0:0:0:0:1]:19088
	at org.dromara.hutool.http.client.engine.okhttp.OkHttpEngine.send(OkHttpEngine.java:63)
	at com.example.wxhk.util.HttpSyncUtil.exec(HttpSyncUtil.java:33)
	at com.example.wxhk.util.HttpSendUtil.getDbInfo(HttpSendUtil.java:63)
	at com.example.wxhk.msg.impl.ImageMsgHandler.handle(ImageMsgHandler.java:26)
	at com.example.wxhk.msg.WxMsgHandle.exec(WxMsgHandle.java:238)
	at com.example.wxhk.tcp.vertx.ArrHandle.lambda$exec$0(ArrHandle.java:56)
	at java.base/java.util.concurrent.Executors$RunnableAdapter.call(Executors.java:539)
	at java.base/java.util.concurrent.FutureTask.run(FutureTask.java:264)
	at java.base/java.util.concurrent.ThreadPoolExecutor.runWorker(ThreadPoolExecutor.java:1136)
	at java.base/java.util.concurrent.ThreadPoolExecutor$Worker.run(ThreadPoolExecutor.java:635)
	at java.base/java.lang.Thread.run(Thread.java:833)
Caused by: java.net.ConnectException: Failed to connect to localhost/[0:0:0:0:0:0:0:1]:19088
	at okhttp3.internal.connection.RealConnection.connectSocket(RealConnection.kt:297)
	at okhttp3.internal.connection.RealConnection.connect(RealConnection.kt:207)
	at okhttp3.internal.connection.ExchangeFinder.findConnection(ExchangeFinder.kt:226)
	at okhttp3.internal.connection.ExchangeFinder.findHealthyConnection(ExchangeFinder.kt:106)
	at okhttp3.internal.connection.ExchangeFinder.find(ExchangeFinder.kt:74)
	at okhttp3.internal.connection.RealCall.initExchange$okhttp(RealCall.kt:255)
	at okhttp3.internal.connection.ConnectInterceptor.intercept(ConnectInterceptor.kt:32)
	at okhttp3.internal.http.RealInterceptorChain.proceed(RealInterceptorChain.kt:109)
	at okhttp3.internal.cache.CacheInterceptor.intercept(CacheInterceptor.kt:95)
	at okhttp3.internal.http.RealInterceptorChain.proceed(RealInterceptorChain.kt:109)
	at okhttp3.internal.http.BridgeInterceptor.intercept(BridgeInterceptor.kt:83)
	at okhttp3.internal.http.RealInterceptorChain.proceed(RealInterceptorChain.kt:109)
	at okhttp3.internal.http.RetryAndFollowUpInterceptor.intercept(RetryAndFollowUpInterceptor.kt:76)
	at okhttp3.internal.http.RealInterceptorChain.proceed(RealInterceptorChain.kt:109)
	at okhttp3.internal.connection.RealCall.getResponseWithInterceptorChain$okhttp(RealCall.kt:201)
	at okhttp3.internal.connection.RealCall.execute(RealCall.kt:154)
	at org.dromara.hutool.http.client.engine.okhttp.OkHttpEngine.send(OkHttpEngine.java:61)
	... 10 common frames omitted
	Suppressed: java.net.SocketException: Connection reset
		at java.base/sun.nio.ch.NioSocketImpl.implRead(NioSocketImpl.java:323)
		at java.base/sun.nio.ch.NioSocketImpl.read(NioSocketImpl.java:350)
		at java.base/sun.nio.ch.NioSocketImpl$1.read(NioSocketImpl.java:803)
		at java.base/java.net.Socket$SocketInputStream.read(Socket.java:966)
		at okio.InputStreamSource.read(JvmOkio.kt:94)
		at okio.AsyncTimeout$source$1.read(AsyncTimeout.kt:125)
		at okio.RealBufferedSource.indexOf(RealBufferedSource.kt:427)
		at okio.RealBufferedSource.readUtf8LineStrict(RealBufferedSource.kt:320)
		at okhttp3.internal.http1.HeadersReader.readLine(HeadersReader.kt:29)
		at okhttp3.internal.http1.Http1ExchangeCodec.readResponseHeaders(Http1ExchangeCodec.kt:180)
		at okhttp3.internal.connection.Exchange.readResponseHeaders(Exchange.kt:110)
		at okhttp3.internal.http.CallServerInterceptor.intercept(CallServerInterceptor.kt:93)
		at okhttp3.internal.http.RealInterceptorChain.proceed(RealInterceptorChain.kt:109)
		at okhttp3.internal.connection.ConnectInterceptor.intercept(ConnectInterceptor.kt:34)
		... 20 common frames omitted
	Suppressed: java.net.SocketException: Connection reset
		at java.base/sun.nio.ch.NioSocketImpl.implRead(NioSocketImpl.java:323)
		at java.base/sun.nio.ch.NioSocketImpl.read(NioSocketImpl.java:350)
		at java.base/sun.nio.ch.NioSocketImpl$1.read(NioSocketImpl.java:803)
		at java.base/java.net.Socket$SocketInputStream.read(Socket.java:966)
		at okio.InputStreamSource.read(JvmOkio.kt:94)
		at okio.AsyncTimeout$source$1.read(AsyncTimeout.kt:125)
		at okio.RealBufferedSource.indexOf(RealBufferedSource.kt:427)
		at okio.RealBufferedSource.readUtf8LineStrict(RealBufferedSource.kt:320)
		at okhttp3.internal.http1.HeadersReader.readLine(HeadersReader.kt:29)
		at okhttp3.internal.http1.Http1ExchangeCodec.readResponseHeaders(Http1ExchangeCodec.kt:180)
		at okhttp3.internal.connection.Exchange.readResponseHeaders(Exchange.kt:110)
		at okhttp3.internal.http.CallServerInterceptor.intercept(CallServerInterceptor.kt:93)
		at okhttp3.internal.http.RealInterceptorChain.proceed(RealInterceptorChain.kt:109)
		at okhttp3.internal.connection.ConnectInterceptor.intercept(ConnectInterceptor.kt:34)
		... 20 common frames omitted
Caused by: java.net.ConnectException: Connection refused: no further information
	at java.base/sun.nio.ch.Net.pollConnect(Native Method)
	at java.base/sun.nio.ch.Net.pollConnectNow(Net.java:672)
	at java.base/sun.nio.ch.NioSocketImpl.timedFinishConnect(NioSocketImpl.java:542)
	at java.base/sun.nio.ch.NioSocketImpl.connect(NioSocketImpl.java:597)
	at java.base/java.net.SocksSocketImpl.connect(SocksSocketImpl.java:327)
	at java.base/java.net.Socket.connect(Socket.java:633)
	at okhttp3.internal.platform.Platform.connectSocket(Platform.kt:128)
	at okhttp3.internal.connection.RealConnection.connectSocket(RealConnection.kt:295)
	... 26 common frames omitted
03-27 21:36:21.116 ERROR [9816 sub1] com.example.wxhk.tcp.vertx.ArrHandle#lambda$exec$0,58 : begin -1, end 112, length 112
java.lang.StringIndexOutOfBoundsException: begin -1, end 112, length 112
	at java.base/java.lang.String.checkBoundsBeginEnd(String.java:4604)
	at java.base/java.lang.String.substring(String.java:2707)
	at java.base/java.lang.String.substring(String.java:2680)
	at com.example.wxhk.msg.impl.ChatMsgHandler.handle(ChatMsgHandler.java:21)
	at com.example.wxhk.msg.WxMsgHandle.exec(WxMsgHandle.java:238)
	at com.example.wxhk.tcp.vertx.ArrHandle.lambda$exec$0(ArrHandle.java:56)
	at java.base/java.util.concurrent.Executors$RunnableAdapter.call(Executors.java:539)
	at java.base/java.util.concurrent.FutureTask.run(FutureTask.java:264)
	at java.base/java.util.concurrent.ThreadPoolExecutor.runWorker(ThreadPoolExecutor.java:1136)
	at java.base/java.util.concurrent.ThreadPoolExecutor$Worker.run(ThreadPoolExecutor.java:635)
	at java.base/java.lang.Thread.run(Thread.java:833)
03-27 21:36:46.034 ERROR [9816 sub1] com.example.wxhk.tcp.vertx.ArrHandle#lambda$exec$0,58 : begin -1, end 30, length 30
java.lang.StringIndexOutOfBoundsException: begin -1, end 30, length 30
	at java.base/java.lang.String.checkBoundsBeginEnd(String.java:4604)
	at java.base/java.lang.String.substring(String.java:2707)
	at java.base/java.lang.String.substring(String.java:2680)
	at com.example.wxhk.msg.impl.ChatMsgHandler.handle(ChatMsgHandler.java:21)
	at com.example.wxhk.msg.WxMsgHandle.exec(WxMsgHandle.java:238)
	at com.example.wxhk.tcp.vertx.ArrHandle.lambda$exec$0(ArrHandle.java:56)
	at java.base/java.util.concurrent.Executors$RunnableAdapter.call(Executors.java:539)
	at java.base/java.util.concurrent.FutureTask.run(FutureTask.java:264)
	at java.base/java.util.concurrent.ThreadPoolExecutor.runWorker(ThreadPoolExecutor.java:1136)
	at java.base/java.util.concurrent.ThreadPoolExecutor$Worker.run(ThreadPoolExecutor.java:635)
	at java.base/java.lang.Thread.run(Thread.java:833)
03-27 21:36:49.402 ERROR [9816 sub2] com.example.wxhk.tcp.vertx.ArrHandle#lambda$exec$0,58 : begin -1, end 35, length 35
java.lang.StringIndexOutOfBoundsException: begin -1, end 35, length 35
	at java.base/java.lang.String.checkBoundsBeginEnd(String.java:4604)
	at java.base/java.lang.String.substring(String.java:2707)
	at java.base/java.lang.String.substring(String.java:2680)
	at com.example.wxhk.msg.impl.ChatMsgHandler.handle(ChatMsgHandler.java:21)
	at com.example.wxhk.msg.WxMsgHandle.exec(WxMsgHandle.java:238)
	at com.example.wxhk.tcp.vertx.ArrHandle.lambda$exec$0(ArrHandle.java:56)
	at java.base/java.util.concurrent.Executors$RunnableAdapter.call(Executors.java:539)
	at java.base/java.util.concurrent.FutureTask.run(FutureTask.java:264)
	at java.base/java.util.concurrent.ThreadPoolExecutor.runWorker(ThreadPoolExecutor.java:1136)
	at java.base/java.util.concurrent.ThreadPoolExecutor$Worker.run(ThreadPoolExecutor.java:635)
	at java.base/java.lang.Thread.run(Thread.java:833)
03-27 21:36:57.430 ERROR [9816 sub3] com.example.wxhk.tcp.vertx.ArrHandle#lambda$exec$0,58 : begin -1, end 82, length 82
java.lang.StringIndexOutOfBoundsException: begin -1, end 82, length 82
	at java.base/java.lang.String.checkBoundsBeginEnd(String.java:4604)
	at java.base/java.lang.String.substring(String.java:2707)
	at java.base/java.lang.String.substring(String.java:2680)
	at com.example.wxhk.msg.impl.ChatMsgHandler.handle(ChatMsgHandler.java:21)
	at com.example.wxhk.msg.WxMsgHandle.exec(WxMsgHandle.java:238)
	at com.example.wxhk.tcp.vertx.ArrHandle.lambda$exec$0(ArrHandle.java:56)
	at java.base/java.util.concurrent.Executors$RunnableAdapter.call(Executors.java:539)
	at java.base/java.util.concurrent.FutureTask.run(FutureTask.java:264)
	at java.base/java.util.concurrent.ThreadPoolExecutor.runWorker(ThreadPoolExecutor.java:1136)
	at java.base/java.util.concurrent.ThreadPoolExecutor$Worker.run(ThreadPoolExecutor.java:635)
	at java.base/java.lang.Thread.run(Thread.java:833)
03-27 21:36:57.865 ERROR [9816 sub1] com.example.wxhk.tcp.vertx.ArrHandle#lambda$exec$0,58 : begin -1, end 148, length 148
java.lang.StringIndexOutOfBoundsException: begin -1, end 148, length 148
	at java.base/java.lang.String.checkBoundsBeginEnd(String.java:4604)
	at java.base/java.lang.String.substring(String.java:2707)
	at java.base/java.lang.String.substring(String.java:2680)
	at com.example.wxhk.msg.impl.ChatMsgHandler.handle(ChatMsgHandler.java:21)
	at com.example.wxhk.msg.WxMsgHandle.exec(WxMsgHandle.java:238)
	at com.example.wxhk.tcp.vertx.ArrHandle.lambda$exec$0(ArrHandle.java:56)
	at java.base/java.util.concurrent.Executors$RunnableAdapter.call(Executors.java:539)
	at java.base/java.util.concurrent.FutureTask.run(FutureTask.java:264)
	at java.base/java.util.concurrent.ThreadPoolExecutor.runWorker(ThreadPoolExecutor.java:1136)
	at java.base/java.util.concurrent.ThreadPoolExecutor$Worker.run(ThreadPoolExecutor.java:635)
	at java.base/java.lang.Thread.run(Thread.java:833)
03-27 21:37:04.216 ERROR [9816 sub2] com.example.wxhk.tcp.vertx.ArrHandle#lambda$exec$0,58 : begin -1, end 169, length 169
java.lang.StringIndexOutOfBoundsException: begin -1, end 169, length 169
	at java.base/java.lang.String.checkBoundsBeginEnd(String.java:4604)
	at java.base/java.lang.String.substring(String.java:2707)
	at java.base/java.lang.String.substring(String.java:2680)
	at com.example.wxhk.msg.impl.ChatMsgHandler.handle(ChatMsgHandler.java:21)
	at com.example.wxhk.msg.WxMsgHandle.exec(WxMsgHandle.java:238)
	at com.example.wxhk.tcp.vertx.ArrHandle.lambda$exec$0(ArrHandle.java:56)
	at java.base/java.util.concurrent.Executors$RunnableAdapter.call(Executors.java:539)
	at java.base/java.util.concurrent.FutureTask.run(FutureTask.java:264)
	at java.base/java.util.concurrent.ThreadPoolExecutor.runWorker(ThreadPoolExecutor.java:1136)
	at java.base/java.util.concurrent.ThreadPoolExecutor$Worker.run(ThreadPoolExecutor.java:635)
	at java.base/java.lang.Thread.run(Thread.java:833)
03-27 21:37:12.650 ERROR [9816 sub2] com.example.wxhk.tcp.vertx.ArrHandle#lambda$exec$0,58 : begin -1, end 102, length 102
java.lang.StringIndexOutOfBoundsException: begin -1, end 102, length 102
	at java.base/java.lang.String.checkBoundsBeginEnd(String.java:4604)
	at java.base/java.lang.String.substring(String.java:2707)
	at java.base/java.lang.String.substring(String.java:2680)
	at com.example.wxhk.msg.impl.ChatMsgHandler.handle(ChatMsgHandler.java:21)
	at com.example.wxhk.msg.WxMsgHandle.exec(WxMsgHandle.java:238)
	at com.example.wxhk.tcp.vertx.ArrHandle.lambda$exec$0(ArrHandle.java:56)
	at java.base/java.util.concurrent.Executors$RunnableAdapter.call(Executors.java:539)
	at java.base/java.util.concurrent.FutureTask.run(FutureTask.java:264)
	at java.base/java.util.concurrent.ThreadPoolExecutor.runWorker(ThreadPoolExecutor.java:1136)
	at java.base/java.util.concurrent.ThreadPoolExecutor$Worker.run(ThreadPoolExecutor.java:635)
	at java.base/java.lang.Thread.run(Thread.java:833)
03-27 21:37:23.172 ERROR [9816 sub3] com.example.wxhk.tcp.vertx.ArrHandle#lambda$exec$0,58 : begin -1, end 26, length 26
java.lang.StringIndexOutOfBoundsException: begin -1, end 26, length 26
	at java.base/java.lang.String.checkBoundsBeginEnd(String.java:4604)
	at java.base/java.lang.String.substring(String.java:2707)
	at java.base/java.lang.String.substring(String.java:2680)
	at com.example.wxhk.msg.impl.ChatMsgHandler.handle(ChatMsgHandler.java:21)
	at com.example.wxhk.msg.WxMsgHandle.exec(WxMsgHandle.java:238)
	at com.example.wxhk.tcp.vertx.ArrHandle.lambda$exec$0(ArrHandle.java:56)
	at java.base/java.util.concurrent.Executors$RunnableAdapter.call(Executors.java:539)
	at java.base/java.util.concurrent.FutureTask.run(FutureTask.java:264)
	at java.base/java.util.concurrent.ThreadPoolExecutor.runWorker(ThreadPoolExecutor.java:1136)
	at java.base/java.util.concurrent.ThreadPoolExecutor$Worker.run(ThreadPoolExecutor.java:635)
	at java.base/java.lang.Thread.run(Thread.java:833)
03-27 21:37:30.564 ERROR [9816 sub2] com.example.wxhk.tcp.vertx.ArrHandle#lambda$exec$0,58 : begin -1, end 86, length 86
java.lang.StringIndexOutOfBoundsException: begin -1, end 86, length 86
	at java.base/java.lang.String.checkBoundsBeginEnd(String.java:4604)
	at java.base/java.lang.String.substring(String.java:2707)
	at java.base/java.lang.String.substring(String.java:2680)
	at com.example.wxhk.msg.impl.ChatMsgHandler.handle(ChatMsgHandler.java:21)
	at com.example.wxhk.msg.WxMsgHandle.exec(WxMsgHandle.java:238)
	at com.example.wxhk.tcp.vertx.ArrHandle.lambda$exec$0(ArrHandle.java:56)
	at java.base/java.util.concurrent.Executors$RunnableAdapter.call(Executors.java:539)
	at java.base/java.util.concurrent.FutureTask.run(FutureTask.java:264)
	at java.base/java.util.concurrent.ThreadPoolExecutor.runWorker(ThreadPoolExecutor.java:1136)
	at java.base/java.util.concurrent.ThreadPoolExecutor$Worker.run(ThreadPoolExecutor.java:635)
	at java.base/java.lang.Thread.run(Thread.java:833)
03-27 21:37:31.077 ERROR [9816 sub1] com.example.wxhk.tcp.vertx.ArrHandle#lambda$exec$0,58 : begin -1, end 29, length 29
java.lang.StringIndexOutOfBoundsException: begin -1, end 29, length 29
	at java.base/java.lang.String.checkBoundsBeginEnd(String.java:4604)
	at java.base/java.lang.String.substring(String.java:2707)
	at java.base/java.lang.String.substring(String.java:2680)
	at com.example.wxhk.msg.impl.ChatMsgHandler.handle(ChatMsgHandler.java:21)
	at com.example.wxhk.msg.WxMsgHandle.exec(WxMsgHandle.java:238)
	at com.example.wxhk.tcp.vertx.ArrHandle.lambda$exec$0(ArrHandle.java:56)
	at java.base/java.util.concurrent.Executors$RunnableAdapter.call(Executors.java:539)
	at java.base/java.util.concurrent.FutureTask.run(FutureTask.java:264)
	at java.base/java.util.concurrent.ThreadPoolExecutor.runWorker(ThreadPoolExecutor.java:1136)
	at java.base/java.util.concurrent.ThreadPoolExecutor$Worker.run(ThreadPoolExecutor.java:635)
	at java.base/java.lang.Thread.run(Thread.java:833)
03-27 21:37:39.276 ERROR [9816 sub2] com.example.wxhk.tcp.vertx.ArrHandle#lambda$exec$0,58 : begin -1, end 26, length 26
java.lang.StringIndexOutOfBoundsException: begin -1, end 26, length 26
	at java.base/java.lang.String.checkBoundsBeginEnd(String.java:4604)
	at java.base/java.lang.String.substring(String.java:2707)
	at java.base/java.lang.String.substring(String.java:2680)
	at com.example.wxhk.msg.impl.ChatMsgHandler.handle(ChatMsgHandler.java:21)
	at com.example.wxhk.msg.WxMsgHandle.exec(WxMsgHandle.java:238)
	at com.example.wxhk.tcp.vertx.ArrHandle.lambda$exec$0(ArrHandle.java:56)
	at java.base/java.util.concurrent.Executors$RunnableAdapter.call(Executors.java:539)
	at java.base/java.util.concurrent.FutureTask.run(FutureTask.java:264)
	at java.base/java.util.concurrent.ThreadPoolExecutor.runWorker(ThreadPoolExecutor.java:1136)
	at java.base/java.util.concurrent.ThreadPoolExecutor$Worker.run(ThreadPoolExecutor.java:635)
	at java.base/java.lang.Thread.run(Thread.java:833)
03-27 21:37:50.778 ERROR [9816 sub3] com.example.wxhk.tcp.vertx.ArrHandle#lambda$exec$0,58 : begin -1, end 31, length 31
java.lang.StringIndexOutOfBoundsException: begin -1, end 31, length 31
	at java.base/java.lang.String.checkBoundsBeginEnd(String.java:4604)
	at java.base/java.lang.String.substring(String.java:2707)
	at java.base/java.lang.String.substring(String.java:2680)
	at com.example.wxhk.msg.impl.ChatMsgHandler.handle(ChatMsgHandler.java:21)
	at com.example.wxhk.msg.WxMsgHandle.exec(WxMsgHandle.java:238)
	at com.example.wxhk.tcp.vertx.ArrHandle.lambda$exec$0(ArrHandle.java:56)
	at java.base/java.util.concurrent.Executors$RunnableAdapter.call(Executors.java:539)
	at java.base/java.util.concurrent.FutureTask.run(FutureTask.java:264)
	at java.base/java.util.concurrent.ThreadPoolExecutor.runWorker(ThreadPoolExecutor.java:1136)
	at java.base/java.util.concurrent.ThreadPoolExecutor$Worker.run(ThreadPoolExecutor.java:635)
	at java.base/java.lang.Thread.run(Thread.java:833)
03-27 21:37:52.647 ERROR [9816 sub2] com.example.wxhk.tcp.vertx.ArrHandle#lambda$exec$0,58 : begin -1, end 24, length 24
java.lang.StringIndexOutOfBoundsException: begin -1, end 24, length 24
	at java.base/java.lang.String.checkBoundsBeginEnd(String.java:4604)
	at java.base/java.lang.String.substring(String.java:2707)
	at java.base/java.lang.String.substring(String.java:2680)
	at com.example.wxhk.msg.impl.ChatMsgHandler.handle(ChatMsgHandler.java:21)
	at com.example.wxhk.msg.WxMsgHandle.exec(WxMsgHandle.java:238)
	at com.example.wxhk.tcp.vertx.ArrHandle.lambda$exec$0(ArrHandle.java:56)
	at java.base/java.util.concurrent.Executors$RunnableAdapter.call(Executors.java:539)
	at java.base/java.util.concurrent.FutureTask.run(FutureTask.java:264)
	at java.base/java.util.concurrent.ThreadPoolExecutor.runWorker(ThreadPoolExecutor.java:1136)
	at java.base/java.util.concurrent.ThreadPoolExecutor$Worker.run(ThreadPoolExecutor.java:635)
	at java.base/java.lang.Thread.run(Thread.java:833)
03-27 21:37:56.881 ERROR [9816 sub1] com.example.wxhk.tcp.vertx.ArrHandle#lambda$exec$0,58 : begin -1, end 33, length 33
java.lang.StringIndexOutOfBoundsException: begin -1, end 33, length 33
	at java.base/java.lang.String.checkBoundsBeginEnd(String.java:4604)
	at java.base/java.lang.String.substring(String.java:2707)
	at java.base/java.lang.String.substring(String.java:2680)
	at com.example.wxhk.msg.impl.ChatMsgHandler.handle(ChatMsgHandler.java:21)
	at com.example.wxhk.msg.WxMsgHandle.exec(WxMsgHandle.java:238)
	at com.example.wxhk.tcp.vertx.ArrHandle.lambda$exec$0(ArrHandle.java:56)
	at java.base/java.util.concurrent.Executors$RunnableAdapter.call(Executors.java:539)
	at java.base/java.util.concurrent.FutureTask.run(FutureTask.java:264)
	at java.base/java.util.concurrent.ThreadPoolExecutor.runWorker(ThreadPoolExecutor.java:1136)
	at java.base/java.util.concurrent.ThreadPoolExecutor$Worker.run(ThreadPoolExecutor.java:635)
	at java.base/java.lang.Thread.run(Thread.java:833)
03-27 21:38:14.277 ERROR [9816 sub2] com.example.wxhk.tcp.vertx.ArrHandle#lambda$exec$0,58 : begin -1, end 127, length 127
java.lang.StringIndexOutOfBoundsException: begin -1, end 127, length 127
	at java.base/java.lang.String.checkBoundsBeginEnd(String.java:4604)
	at java.base/java.lang.String.substring(String.java:2707)
	at java.base/java.lang.String.substring(String.java:2680)
	at com.example.wxhk.msg.impl.ChatMsgHandler.handle(ChatMsgHandler.java:21)
	at com.example.wxhk.msg.WxMsgHandle.exec(WxMsgHandle.java:238)
	at com.example.wxhk.tcp.vertx.ArrHandle.lambda$exec$0(ArrHandle.java:56)
	at java.base/java.util.concurrent.Executors$RunnableAdapter.call(Executors.java:539)
	at java.base/java.util.concurrent.FutureTask.run(FutureTask.java:264)
	at java.base/java.util.concurrent.ThreadPoolExecutor.runWorker(ThreadPoolExecutor.java:1136)
	at java.base/java.util.concurrent.ThreadPoolExecutor$Worker.run(ThreadPoolExecutor.java:635)
	at java.base/java.lang.Thread.run(Thread.java:833)
03-27 21:38:20.934 ERROR [9816 sub1] com.example.wxhk.tcp.vertx.ArrHandle#lambda$exec$0,58 : begin -1, end 30, length 30
java.lang.StringIndexOutOfBoundsException: begin -1, end 30, length 30
	at java.base/java.lang.String.checkBoundsBeginEnd(String.java:4604)
	at java.base/java.lang.String.substring(String.java:2707)
	at java.base/java.lang.String.substring(String.java:2680)
	at com.example.wxhk.msg.impl.ChatMsgHandler.handle(ChatMsgHandler.java:21)
	at com.example.wxhk.msg.WxMsgHandle.exec(WxMsgHandle.java:238)
	at com.example.wxhk.tcp.vertx.ArrHandle.lambda$exec$0(ArrHandle.java:56)
	at java.base/java.util.concurrent.Executors$RunnableAdapter.call(Executors.java:539)
	at java.base/java.util.concurrent.FutureTask.run(FutureTask.java:264)
	at java.base/java.util.concurrent.ThreadPoolExecutor.runWorker(ThreadPoolExecutor.java:1136)
	at java.base/java.util.concurrent.ThreadPoolExecutor$Worker.run(ThreadPoolExecutor.java:635)
	at java.base/java.lang.Thread.run(Thread.java:833)
03-27 21:38:33.922 ERROR [9816 sub2] com.example.wxhk.tcp.vertx.ArrHandle#lambda$exec$0,58 : begin -1, end 32, length 32
java.lang.StringIndexOutOfBoundsException: begin -1, end 32, length 32
	at java.base/java.lang.String.checkBoundsBeginEnd(String.java:4604)
	at java.base/java.lang.String.substring(String.java:2707)
	at java.base/java.lang.String.substring(String.java:2680)
	at com.example.wxhk.msg.impl.ChatMsgHandler.handle(ChatMsgHandler.java:21)
	at com.example.wxhk.msg.WxMsgHandle.exec(WxMsgHandle.java:238)
	at com.example.wxhk.tcp.vertx.ArrHandle.lambda$exec$0(ArrHandle.java:56)
	at java.base/java.util.concurrent.Executors$RunnableAdapter.call(Executors.java:539)
	at java.base/java.util.concurrent.FutureTask.run(FutureTask.java:264)
	at java.base/java.util.concurrent.ThreadPoolExecutor.runWorker(ThreadPoolExecutor.java:1136)
	at java.base/java.util.concurrent.ThreadPoolExecutor$Worker.run(ThreadPoolExecutor.java:635)
	at java.base/java.lang.Thread.run(Thread.java:833)
03-27 21:38:40.548 ERROR [9816 sub3] com.example.wxhk.tcp.vertx.ArrHandle#lambda$exec$0,58 : begin -1, end 27, length 27
java.lang.StringIndexOutOfBoundsException: begin -1, end 27, length 27
	at java.base/java.lang.String.checkBoundsBeginEnd(String.java:4604)
	at java.base/java.lang.String.substring(String.java:2707)
	at java.base/java.lang.String.substring(String.java:2680)
	at com.example.wxhk.msg.impl.ChatMsgHandler.handle(ChatMsgHandler.java:21)
	at com.example.wxhk.msg.WxMsgHandle.exec(WxMsgHandle.java:238)
	at com.example.wxhk.tcp.vertx.ArrHandle.lambda$exec$0(ArrHandle.java:56)
	at java.base/java.util.concurrent.Executors$RunnableAdapter.call(Executors.java:539)
	at java.base/java.util.concurrent.FutureTask.run(FutureTask.java:264)
	at java.base/java.util.concurrent.ThreadPoolExecutor.runWorker(ThreadPoolExecutor.java:1136)
	at java.base/java.util.concurrent.ThreadPoolExecutor$Worker.run(ThreadPoolExecutor.java:635)
	at java.base/java.lang.Thread.run(Thread.java:833)
03-27 21:38:43.014 ERROR [9816 sub1] com.example.wxhk.tcp.vertx.ArrHandle#lambda$exec$0,58 : begin -1, end 40, length 40
java.lang.StringIndexOutOfBoundsException: begin -1, end 40, length 40
	at java.base/java.lang.String.checkBoundsBeginEnd(String.java:4604)
	at java.base/java.lang.String.substring(String.java:2707)
	at java.base/java.lang.String.substring(String.java:2680)
	at com.example.wxhk.msg.impl.ChatMsgHandler.handle(ChatMsgHandler.java:21)
	at com.example.wxhk.msg.WxMsgHandle.exec(WxMsgHandle.java:238)
	at com.example.wxhk.tcp.vertx.ArrHandle.lambda$exec$0(ArrHandle.java:56)
	at java.base/java.util.concurrent.Executors$RunnableAdapter.call(Executors.java:539)
	at java.base/java.util.concurrent.FutureTask.run(FutureTask.java:264)
	at java.base/java.util.concurrent.ThreadPoolExecutor.runWorker(ThreadPoolExecutor.java:1136)
	at java.base/java.util.concurrent.ThreadPoolExecutor$Worker.run(ThreadPoolExecutor.java:635)
	at java.base/java.lang.Thread.run(Thread.java:833)
03-27 21:38:47.386 ERROR [9816 sub2] com.example.wxhk.tcp.vertx.ArrHandle#lambda$exec$0,58 : begin -1, end 22, length 22
java.lang.StringIndexOutOfBoundsException: begin -1, end 22, length 22
	at java.base/java.lang.String.checkBoundsBeginEnd(String.java:4604)
	at java.base/java.lang.String.substring(String.java:2707)
	at java.base/java.lang.String.substring(String.java:2680)
	at com.example.wxhk.msg.impl.ChatMsgHandler.handle(ChatMsgHandler.java:21)
	at com.example.wxhk.msg.WxMsgHandle.exec(WxMsgHandle.java:238)
	at com.example.wxhk.tcp.vertx.ArrHandle.lambda$exec$0(ArrHandle.java:56)
	at java.base/java.util.concurrent.Executors$RunnableAdapter.call(Executors.java:539)
	at java.base/java.util.concurrent.FutureTask.run(FutureTask.java:264)
	at java.base/java.util.concurrent.ThreadPoolExecutor.runWorker(ThreadPoolExecutor.java:1136)
	at java.base/java.util.concurrent.ThreadPoolExecutor$Worker.run(ThreadPoolExecutor.java:635)
	at java.base/java.lang.Thread.run(Thread.java:833)
03-27 21:39:12.395 ERROR [9816 sub2] com.example.wxhk.tcp.vertx.ArrHandle#lambda$exec$0,58 : begin -1, end 85, length 85
java.lang.StringIndexOutOfBoundsException: begin -1, end 85, length 85
	at java.base/java.lang.String.checkBoundsBeginEnd(String.java:4604)
	at java.base/java.lang.String.substring(String.java:2707)
	at java.base/java.lang.String.substring(String.java:2680)
	at com.example.wxhk.msg.impl.ChatMsgHandler.handle(ChatMsgHandler.java:21)
	at com.example.wxhk.msg.WxMsgHandle.exec(WxMsgHandle.java:238)
	at com.example.wxhk.tcp.vertx.ArrHandle.lambda$exec$0(ArrHandle.java:56)
	at java.base/java.util.concurrent.Executors$RunnableAdapter.call(Executors.java:539)
	at java.base/java.util.concurrent.FutureTask.run(FutureTask.java:264)
	at java.base/java.util.concurrent.ThreadPoolExecutor.runWorker(ThreadPoolExecutor.java:1136)
	at java.base/java.util.concurrent.ThreadPoolExecutor$Worker.run(ThreadPoolExecutor.java:635)
	at java.base/java.lang.Thread.run(Thread.java:833)
03-27 21:39:21.353 ERROR [9816 sub3] com.example.wxhk.tcp.vertx.ArrHandle#lambda$exec$0,58 : begin -1, end 121, length 121
java.lang.StringIndexOutOfBoundsException: begin -1, end 121, length 121
	at java.base/java.lang.String.checkBoundsBeginEnd(String.java:4604)
	at java.base/java.lang.String.substring(String.java:2707)
	at java.base/java.lang.String.substring(String.java:2680)
	at com.example.wxhk.msg.impl.ChatMsgHandler.handle(ChatMsgHandler.java:21)
	at com.example.wxhk.msg.WxMsgHandle.exec(WxMsgHandle.java:238)
	at com.example.wxhk.tcp.vertx.ArrHandle.lambda$exec$0(ArrHandle.java:56)
	at java.base/java.util.concurrent.Executors$RunnableAdapter.call(Executors.java:539)
	at java.base/java.util.concurrent.FutureTask.run(FutureTask.java:264)
	at java.base/java.util.concurrent.ThreadPoolExecutor.runWorker(ThreadPoolExecutor.java:1136)
	at java.base/java.util.concurrent.ThreadPoolExecutor$Worker.run(ThreadPoolExecutor.java:635)
	at java.base/java.lang.Thread.run(Thread.java:833)
03-27 21:39:27.056 ERROR [9816 sub1] com.example.wxhk.tcp.vertx.ArrHandle#lambda$exec$0,58 : begin -1, end 132, length 132
java.lang.StringIndexOutOfBoundsException: begin -1, end 132, length 132
	at java.base/java.lang.String.checkBoundsBeginEnd(String.java:4604)
	at java.base/java.lang.String.substring(String.java:2707)
	at java.base/java.lang.String.substring(String.java:2680)
	at com.example.wxhk.msg.impl.ChatMsgHandler.handle(ChatMsgHandler.java:21)
	at com.example.wxhk.msg.WxMsgHandle.exec(WxMsgHandle.java:238)
	at com.example.wxhk.tcp.vertx.ArrHandle.lambda$exec$0(ArrHandle.java:56)
	at java.base/java.util.concurrent.Executors$RunnableAdapter.call(Executors.java:539)
	at java.base/java.util.concurrent.FutureTask.run(FutureTask.java:264)
	at java.base/java.util.concurrent.ThreadPoolExecutor.runWorker(ThreadPoolExecutor.java:1136)
	at java.base/java.util.concurrent.ThreadPoolExecutor$Worker.run(ThreadPoolExecutor.java:635)
	at java.base/java.lang.Thread.run(Thread.java:833)
03-27 21:39:29.242 ERROR [9816 sub2] com.example.wxhk.tcp.vertx.ArrHandle#lambda$exec$0,58 : begin -1, end 121, length 121
java.lang.StringIndexOutOfBoundsException: begin -1, end 121, length 121
	at java.base/java.lang.String.checkBoundsBeginEnd(String.java:4604)
	at java.base/java.lang.String.substring(String.java:2707)
	at java.base/java.lang.String.substring(String.java:2680)
	at com.example.wxhk.msg.impl.ChatMsgHandler.handle(ChatMsgHandler.java:21)
	at com.example.wxhk.msg.WxMsgHandle.exec(WxMsgHandle.java:238)
	at com.example.wxhk.tcp.vertx.ArrHandle.lambda$exec$0(ArrHandle.java:56)
	at java.base/java.util.concurrent.Executors$RunnableAdapter.call(Executors.java:539)
	at java.base/java.util.concurrent.FutureTask.run(FutureTask.java:264)
	at java.base/java.util.concurrent.ThreadPoolExecutor.runWorker(ThreadPoolExecutor.java:1136)
	at java.base/java.util.concurrent.ThreadPoolExecutor$Worker.run(ThreadPoolExecutor.java:635)
	at java.base/java.lang.Thread.run(Thread.java:833)
03-27 21:39:31.726 ERROR [9816 sub3] com.example.wxhk.tcp.vertx.ArrHandle#lambda$exec$0,58 : begin -1, end 51, length 51
java.lang.StringIndexOutOfBoundsException: begin -1, end 51, length 51
	at java.base/java.lang.String.checkBoundsBeginEnd(String.java:4604)
	at java.base/java.lang.String.substring(String.java:2707)
	at java.base/java.lang.String.substring(String.java:2680)
	at com.example.wxhk.msg.impl.ChatMsgHandler.handle(ChatMsgHandler.java:21)
	at com.example.wxhk.msg.WxMsgHandle.exec(WxMsgHandle.java:238)
	at com.example.wxhk.tcp.vertx.ArrHandle.lambda$exec$0(ArrHandle.java:56)
	at java.base/java.util.concurrent.Executors$RunnableAdapter.call(Executors.java:539)
	at java.base/java.util.concurrent.FutureTask.run(FutureTask.java:264)
	at java.base/java.util.concurrent.ThreadPoolExecutor.runWorker(ThreadPoolExecutor.java:1136)
	at java.base/java.util.concurrent.ThreadPoolExecutor$Worker.run(ThreadPoolExecutor.java:635)
	at java.base/java.lang.Thread.run(Thread.java:833)
03-27 21:39:34.343 ERROR [9816 sub1] com.example.wxhk.tcp.vertx.ArrHandle#lambda$exec$0,58 : begin -1, end 12, length 12
java.lang.StringIndexOutOfBoundsException: begin -1, end 12, length 12
	at java.base/java.lang.String.checkBoundsBeginEnd(String.java:4604)
	at java.base/java.lang.String.substring(String.java:2707)
	at java.base/java.lang.String.substring(String.java:2680)
	at com.example.wxhk.msg.impl.ChatMsgHandler.handle(ChatMsgHandler.java:21)
	at com.example.wxhk.msg.WxMsgHandle.exec(WxMsgHandle.java:238)
	at com.example.wxhk.tcp.vertx.ArrHandle.lambda$exec$0(ArrHandle.java:56)
	at java.base/java.util.concurrent.Executors$RunnableAdapter.call(Executors.java:539)
	at java.base/java.util.concurrent.FutureTask.run(FutureTask.java:264)
	at java.base/java.util.concurrent.ThreadPoolExecutor.runWorker(ThreadPoolExecutor.java:1136)
	at java.base/java.util.concurrent.ThreadPoolExecutor$Worker.run(ThreadPoolExecutor.java:635)
	at java.base/java.lang.Thread.run(Thread.java:833)
03-27 21:39:45.607 ERROR [9816 sub3] com.example.wxhk.tcp.vertx.ArrHandle#lambda$exec$0,58 : begin -1, end 56, length 56
java.lang.StringIndexOutOfBoundsException: begin -1, end 56, length 56
	at java.base/java.lang.String.checkBoundsBeginEnd(String.java:4604)
	at java.base/java.lang.String.substring(String.java:2707)
	at java.base/java.lang.String.substring(String.java:2680)
	at com.example.wxhk.msg.impl.ChatMsgHandler.handle(ChatMsgHandler.java:21)
	at com.example.wxhk.msg.WxMsgHandle.exec(WxMsgHandle.java:238)
	at com.example.wxhk.tcp.vertx.ArrHandle.lambda$exec$0(ArrHandle.java:56)
	at java.base/java.util.concurrent.Executors$RunnableAdapter.call(Executors.java:539)
	at java.base/java.util.concurrent.FutureTask.run(FutureTask.java:264)
	at java.base/java.util.concurrent.ThreadPoolExecutor.runWorker(ThreadPoolExecutor.java:1136)
	at java.base/java.util.concurrent.ThreadPoolExecutor$Worker.run(ThreadPoolExecutor.java:635)
	at java.base/java.lang.Thread.run(Thread.java:833)
03-27 21:39:55.380 ERROR [9816 sub2] com.example.wxhk.tcp.vertx.ArrHandle#lambda$exec$0,58 : begin -1, end 25, length 25
java.lang.StringIndexOutOfBoundsException: begin -1, end 25, length 25
	at java.base/java.lang.String.checkBoundsBeginEnd(String.java:4604)
	at java.base/java.lang.String.substring(String.java:2707)
	at java.base/java.lang.String.substring(String.java:2680)
	at com.example.wxhk.msg.impl.ChatMsgHandler.handle(ChatMsgHandler.java:21)
	at com.example.wxhk.msg.WxMsgHandle.exec(WxMsgHandle.java:238)
	at com.example.wxhk.tcp.vertx.ArrHandle.lambda$exec$0(ArrHandle.java:56)
	at java.base/java.util.concurrent.Executors$RunnableAdapter.call(Executors.java:539)
	at java.base/java.util.concurrent.FutureTask.run(FutureTask.java:264)
	at java.base/java.util.concurrent.ThreadPoolExecutor.runWorker(ThreadPoolExecutor.java:1136)
	at java.base/java.util.concurrent.ThreadPoolExecutor$Worker.run(ThreadPoolExecutor.java:635)
	at java.base/java.lang.Thread.run(Thread.java:833)
03-27 21:40:06.652 ERROR [9816 sub1] com.example.wxhk.tcp.vertx.ArrHandle#lambda$exec$0,58 : begin -1, end 74, length 74
java.lang.StringIndexOutOfBoundsException: begin -1, end 74, length 74
	at java.base/java.lang.String.checkBoundsBeginEnd(String.java:4604)
	at java.base/java.lang.String.substring(String.java:2707)
	at java.base/java.lang.String.substring(String.java:2680)
	at com.example.wxhk.msg.impl.ChatMsgHandler.handle(ChatMsgHandler.java:21)
	at com.example.wxhk.msg.WxMsgHandle.exec(WxMsgHandle.java:238)
	at com.example.wxhk.tcp.vertx.ArrHandle.lambda$exec$0(ArrHandle.java:56)
	at java.base/java.util.concurrent.Executors$RunnableAdapter.call(Executors.java:539)
	at java.base/java.util.concurrent.FutureTask.run(FutureTask.java:264)
	at java.base/java.util.concurrent.ThreadPoolExecutor.runWorker(ThreadPoolExecutor.java:1136)
	at java.base/java.util.concurrent.ThreadPoolExecutor$Worker.run(ThreadPoolExecutor.java:635)
	at java.base/java.lang.Thread.run(Thread.java:833)
03-27 21:40:07.123 ERROR [9816 sub2] com.example.wxhk.tcp.vertx.ArrHandle#lambda$exec$0,58 : begin -1, end 102, length 102
java.lang.StringIndexOutOfBoundsException: begin -1, end 102, length 102
	at java.base/java.lang.String.checkBoundsBeginEnd(String.java:4604)
	at java.base/java.lang.String.substring(String.java:2707)
	at java.base/java.lang.String.substring(String.java:2680)
	at com.example.wxhk.msg.impl.ChatMsgHandler.handle(ChatMsgHandler.java:21)
	at com.example.wxhk.msg.WxMsgHandle.exec(WxMsgHandle.java:238)
	at com.example.wxhk.tcp.vertx.ArrHandle.lambda$exec$0(ArrHandle.java:56)
	at java.base/java.util.concurrent.Executors$RunnableAdapter.call(Executors.java:539)
	at java.base/java.util.concurrent.FutureTask.run(FutureTask.java:264)
	at java.base/java.util.concurrent.ThreadPoolExecutor.runWorker(ThreadPoolExecutor.java:1136)
	at java.base/java.util.concurrent.ThreadPoolExecutor$Worker.run(ThreadPoolExecutor.java:635)
	at java.base/java.lang.Thread.run(Thread.java:833)
03-27 21:40:07.898 ERROR [9816 sub3] com.example.wxhk.tcp.vertx.ArrHandle#lambda$exec$0,58 : begin -1, end 87, length 87
java.lang.StringIndexOutOfBoundsException: begin -1, end 87, length 87
	at java.base/java.lang.String.checkBoundsBeginEnd(String.java:4604)
	at java.base/java.lang.String.substring(String.java:2707)
	at java.base/java.lang.String.substring(String.java:2680)
	at com.example.wxhk.msg.impl.ChatMsgHandler.handle(ChatMsgHandler.java:21)
	at com.example.wxhk.msg.WxMsgHandle.exec(WxMsgHandle.java:238)
	at com.example.wxhk.tcp.vertx.ArrHandle.lambda$exec$0(ArrHandle.java:56)
	at java.base/java.util.concurrent.Executors$RunnableAdapter.call(Executors.java:539)
	at java.base/java.util.concurrent.FutureTask.run(FutureTask.java:264)
	at java.base/java.util.concurrent.ThreadPoolExecutor.runWorker(ThreadPoolExecutor.java:1136)
	at java.base/java.util.concurrent.ThreadPoolExecutor$Worker.run(ThreadPoolExecutor.java:635)
	at java.base/java.lang.Thread.run(Thread.java:833)
